0 info it worked if it ends with ok
1 verbose cli [ 'C:\\Program Files\\nodejs\\node.exe',
1 verbose cli   'C:\\Users\\saghosh\\AppData\\Roaming\\npm\\node_modules\\npm\\bin\\npm-cli.js',
1 verbose cli   'start' ]
2 info using npm@3.10.7
3 info using node@v6.9.2
4 verbose run-script [ 'prestart', 'start', 'poststart' ]
5 info lifecycle readninja@0.0.0~prestart: readninja@0.0.0
6 silly lifecycle readninja@0.0.0~prestart: no script for prestart, continuing
7 info lifecycle readninja@0.0.0~start: readninja@0.0.0
8 verbose lifecycle readninja@0.0.0~start: unsafe-perm in lifecycle true
9 verbose lifecycle readninja@0.0.0~start: PATH: C:\Users\saghosh\AppData\Roaming\npm\node_modules\npm\bin\node-gyp-bin;C:\Users\saghosh\Desktop\readninja\node_modules\.bin;C:\Program Files\Java\jdk1.8.0_66\bin;C:\Program Files (x86)\NVIDIA Corporation\PhysX\Common;C:\ProgramData\Oracle\Java\javapath;C:\Windows\system32;C:\Windows;C:\Windows\System32\Wbem;C:\Windows\System32\WindowsPowerShell\v1.0\;C:\Program Files\Git\cmd;C:\Program Files (x86)\Git\cmd;C:\Program Files (x86)\Skype\Phone\;C:\Program Files\MATLAB\R2016b\bin;C:\Users\saghosh\AppData\Local\Continuum\Anaconda2;C:\Users\saghosh\AppData\Local\Continuum\Anaconda2\Scripts;C:\Users\saghosh\AppData\Local\Continuum\Anaconda2\Library\bin;C:\Program Files (x86)\Microsoft VS Code\bin;C:\Users\saghosh\AppData\Roaming\npm;C:\Program Files (x86)\Google\google_appengine\;C:\Users\saghosh\AppData\Local\Google\Cloud SDK\google-cloud-sdk\bin;C:\adb;C:\Users\saghosh\AppData\Roaming\nvm;C:\Program Files\nodejs;C:\Program Files\nodejs\;C:\Program Files\PostgreSQL\9.6\bin;C:\Program Files\Heroku\bin;C:\Program Files\MongoDB\Server\3.4\bin\;C:\Program Files\MySQL\MySQL Server 5.5\bin;C:\Program Files (x86)\Windows Kits\8.1\Windows Performance Toolkit\;C:\Program Files\R\R-3.3.1\bin;C:\Program Files (x86)\Brackets\command;C:\Program Files\PuTTY\;C:\Ruby23\bin;C:\Program Files (x86)\Microsoft VS Code\bin;C:\Program Files\R\R-3.3.1\bin\x64\R.exe;C:\Program Files\R\R-3.3.1\bin
10 verbose lifecycle readninja@0.0.0~start: CWD: C:\Users\saghosh\Desktop\readninja
11 silly lifecycle readninja@0.0.0~start: Args: [ '/d /s /c', 'node ./bin/www' ]
12 silly lifecycle readninja@0.0.0~start: Returned: code: 1  signal: null
13 info lifecycle readninja@0.0.0~start: Failed to exec start script
14 verbose stack Error: readninja@0.0.0 start: `node ./bin/www`
14 verbose stack Exit status 1
14 verbose stack     at EventEmitter.<anonymous> (C:\Users\saghosh\AppData\Roaming\npm\node_modules\npm\lib\utils\lifecycle.js:255:16)
14 verbose stack     at emitTwo (events.js:106:13)
14 verbose stack     at EventEmitter.emit (events.js:191:7)
14 verbose stack     at ChildProcess.<anonymous> (C:\Users\saghosh\AppData\Roaming\npm\node_modules\npm\lib\utils\spawn.js:40:14)
14 verbose stack     at emitTwo (events.js:106:13)
14 verbose stack     at ChildProcess.emit (events.js:191:7)
14 verbose stack     at maybeClose (internal/child_process.js:877:16)
14 verbose stack     at Process.ChildProcess._handle.onexit (internal/child_process.js:226:5)
15 verbose pkgid readninja@0.0.0
16 verbose cwd C:\Users\saghosh\Desktop\readninja
17 error Windows_NT 6.1.7601
18 error argv "C:\\Program Files\\nodejs\\node.exe" "C:\\Users\\saghosh\\AppData\\Roaming\\npm\\node_modules\\npm\\bin\\npm-cli.js" "start"
19 error node v6.9.2
20 error npm  v3.10.7
21 error code ELIFECYCLE
22 error readninja@0.0.0 start: `node ./bin/www`
22 error Exit status 1
23 error Failed at the readninja@0.0.0 start script 'node ./bin/www'.
23 error Make sure you have the latest version of node.js and npm installed.
23 error If you do, this is most likely a problem with the readninja package,
23 error not with npm itself.
23 error Tell the author that this fails on your system:
23 error     node ./bin/www
23 error You can get information on how to open an issue for this project with:
23 error     npm bugs readninja
23 error Or if that isn't available, you can get their info via:
23 error     npm owner ls readninja
23 error There is likely additional logging output above.
24 verbose exit [ 1, true ]
